MidiFileParseError {
    error: ByteOverflow,
    file: MidiFile {
        header: Header {
            format: MultiTrack,
            num_tracks: 0xA,
            division: TicksPerQuarterNote(
                0x180,
            ),
        },
        tracks: [
            Midi(
                [
                    TrackEvent {
                        delta_time: 0x0,
                        event: Meta {
                            msg: TimeSignature(
                                FileTimeSignature {
                                    numerator: 0x4,
                                    denominator: 0x4,
                                    clocks_per_metronome_tick: 0x18,
                                    thirty_second_notes_per_24_clocks: 0x8,
                                },
                            ),
                        },
                        beat_or_frame: 0.0,
                    },
                    TrackEvent {
                        delta_time: 0x0,
                        event: Meta {
                            msg: SetTempo(
                                0xA2C2A,
                            ),
                        },
                        beat_or_frame: 0.0,
                    },
                    TrackEvent {
                        delta_time: 0x0,
                        event: Meta {
                            msg: TrackName(
                                "Synth Pluck",
                            ),
                        },
                        beat_or_frame: 0.0,
                    },
                    TrackEvent {
                        delta_time: 0x0,
                        event: ChannelVoice {
                            channel: Ch1,
                            msg: ProgramChange {
                                program: 0x57,
                            },
                        },
                        beat_or_frame: 0.0,
                    },
                ],
            ),
        ],
    },
    offset: 0x37,
    parsing: "track 0 event 4",
    remaining_bytes: 0x168C9,
    next_bytes: [
        0x0,
        0x90,
        0x37,
        0xD2,
        0x60,
        0x80,
        0x37,
        0x0,
        0x0,
        0x90,
        0x43,
        0xD2,
        0x60,
        0x80,
        0x43,
        0x0,
        0x0,
        0x90,
        0x46,
        0xD2,
    ],
}