MidiFileParseError {
    error: ByteOverflow,
    file: MidiFile {
        header: Header {
            format: MultiTrack,
            num_tracks: 0x13,
            division: TicksPerQuarterNote(
                0x60,
            ),
        },
        tracks: [
            Midi(
                [
                    TrackEvent {
                        delta_time: 0x0,
                        event: ChannelVoice {
                            channel: Ch10,
                            msg: ProgramChange {
                                program: 0x8,
                            },
                        },
                        beat_or_frame: 0.0,
                    },
                    TrackEvent {
                        delta_time: 0x0,
                        event: ChannelVoice {
                            channel: Ch14,
                            msg: ProgramChange {
                                program: 0x1E,
                            },
                        },
                        beat_or_frame: 0.0,
                    },
                    TrackEvent {
                        delta_time: 0x0,
                        event: ChannelVoice {
                            channel: Ch7,
                            msg: ProgramChange {
                                program: 0x22,
                            },
                        },
                        beat_or_frame: 0.0,
                    },
                    TrackEvent {
                        delta_time: 0x0,
                        event: ChannelVoice {
                            channel: Ch5,
                            msg: ProgramChange {
                                program: 0x24,
                            },
                        },
                        beat_or_frame: 0.0,
                    },
                    TrackEvent {
                        delta_time: 0x0,
                        event: ChannelVoice {
                            channel: Ch16,
                            msg: ProgramChange {
                                program: 0x2C,
                            },
                        },
                        beat_or_frame: 0.0,
                    },
                    TrackEvent {
                        delta_time: 0x0,
                        event: ChannelVoice {
                            channel: Ch4,
                            msg: ProgramChange {
                                program: 0x2F,
                            },
                        },
                        beat_or_frame: 0.0,
                    },
                    TrackEvent {
                        delta_time: 0x0,
                        event: ChannelVoice {
                            channel: Ch8,
                            msg: ProgramChange {
                                program: 0x31,
                            },
                        },
                        beat_or_frame: 0.0,
                    },
                    TrackEvent {
                        delta_time: 0x0,
                        event: ChannelVoice {
                            channel: Ch1,
                            msg: ProgramChange {
                                program: 0x36,
                            },
                        },
                        beat_or_frame: 0.0,
                    },
                    TrackEvent {
                        delta_time: 0x0,
                        event: ChannelVoice {
                            channel: Ch15,
                            msg: ProgramChange {
                                program: 0x38,
                            },
                        },
                        beat_or_frame: 0.0,
                    },
                    TrackEvent {
                        delta_time: 0x0,
                        event: ChannelVoice {
                            channel: Ch3,
                            msg: ProgramChange {
                                program: 0x39,
                            },
                        },
                        beat_or_frame: 0.0,
                    },
                    TrackEvent {
                        delta_time: 0x0,
                        event: ChannelVoice {
                            channel: Ch12,
                            msg: ProgramChange {
                                program: 0x3D,
                            },
                        },
                        beat_or_frame: 0.0,
                    },
                    TrackEvent {
                        delta_time: 0x0,
                        event: ChannelVoice {
                            channel: Ch13,
                            msg: ProgramChange {
                                program: 0x3D,
                            },
                        },
                        beat_or_frame: 0.0,
                    },
                    TrackEvent {
                        delta_time: 0x0,
                        event: ChannelVoice {
                            channel: Ch11,
                            msg: ProgramChange {
                                program: 0x4B,
                            },
                        },
                        beat_or_frame: 0.0,
                    },
                    TrackEvent {
                        delta_time: 0x0,
                        event: ChannelVoice {
                            channel: Ch6,
                            msg: ProgramChange {
                                program: 0x51,
                            },
                        },
                        beat_or_frame: 0.0,
                    },
                    TrackEvent {
                        delta_time: 0x0,
                        event: ChannelVoice {
                            channel: Ch9,
                            msg: ProgramChange {
                                program: 0x5E,
                            },
                        },
                        beat_or_frame: 0.0,
                    },
                    TrackEvent {
                        delta_time: 0x0,
                        event: ChannelVoice {
                            channel: Ch3,
                            msg: ControlChange {
                                control: CC {
                                    control: 0xA,
                                    value: 0x43,
                                },
                            },
                        },
                        beat_or_frame: 0.0,
                    },
                    TrackEvent {
                        delta_time: 0x0,
                        event: ChannelVoice {
                            channel: Ch8,
                            msg: ControlChange {
                                control: CC {
                                    control: 0xA,
                                    value: 0x0,
                                },
                            },
                        },
                        beat_or_frame: 0.0,
                    },
                    TrackEvent {
                        delta_time: 0x0,
                        event: ChannelVoice {
                            channel: Ch4,
                            msg: ControlChange {
                                control: CC {
                                    control: 0xA,
                                    value: 0x7F,
                                },
                            },
                        },
                        beat_or_frame: 0.0,
                    },
                    TrackEvent {
                        delta_time: 0x0,
                        event: ChannelVoice {
                            channel: Ch9,
                            msg: ControlChange {
                                control: CC {
                                    control: 0xA,
                                    value: 0x22,
                                },
                            },
                        },
                        beat_or_frame: 0.0,
                    },
                    TrackEvent {
                        delta_time: 0x0,
                        event: ChannelVoice {
                            channel: Ch15,
                            msg: ControlChange {
                                control: CC {
                                    control: 0xA,
                                    value: 0x22,
                                },
                            },
                        },
                        beat_or_frame: 0.0,
                    },
                    TrackEvent {
                        delta_time: 0x0,
                        event: ChannelVoice {
                            channel: Ch15,
                            msg: ControlChange {
                                control: CC {
                                    control: 0xA,
                                    value: 0x22,
                                },
                            },
                        },
                        beat_or_frame: 0.0,
                    },
                    TrackEvent {
                        delta_time: 0x0,
                        event: ChannelVoice {
                            channel: Ch8,
                            msg: ControlChange {
                                control: CC {
                                    control: 0xA,
                                    value: 0x0,
                                },
                            },
                        },
                        beat_or_frame: 0.0,
                    },
                    TrackEvent {
                        delta_time: 0x0,
                        event: ChannelVoice {
                            channel: Ch5,
                            msg: ControlChange {
                                control: CC {
                                    control: 0xA,
                                    value: 0x40,
                                },
                            },
                        },
                        beat_or_frame: 0.0,
                    },
                    TrackEvent {
                        delta_time: 0x0,
                        event: ChannelVoice {
                            channel: Ch7,
                            msg: ControlChange {
                                control: CC {
                                    control: 0xA,
                                    value: 0x41,
                                },
                            },
                        },
                        beat_or_frame: 0.0,
                    },
                    TrackEvent {
                        delta_time: 0x0,
                        event: ChannelVoice {
                            channel: Ch3,
                            msg: ControlChange {
                                control: CC {
                                    control: 0xA,
                                    value: 0x43,
                                },
                            },
                        },
                        beat_or_frame: 0.0,
                    },
                    TrackEvent {
                        delta_time: 0x0,
                        event: ChannelVoice {
                            channel: Ch10,
                            msg: ControlChange {
                                control: CC {
                                    control: 0xA,
                                    value: 0x43,
                                },
                            },
                        },
                        beat_or_frame: 0.0,
                    },
                    TrackEvent {
                        delta_time: 0x0,
                        event: ChannelVoice {
                            channel: Ch13,
                            msg: ControlChange {
                                control: CC {
                                    control: 0xA,
                                    value: 0x43,
                                },
                            },
                        },
                        beat_or_frame: 0.0,
                    },
                    TrackEvent {
                        delta_time: 0x0,
                        event: ChannelVoice {
                            channel: Ch16,
                            msg: ControlChange {
                                control: CC {
                                    control: 0xA,
                                    value: 0x46,
                                },
                            },
                        },
                        beat_or_frame: 0.0,
                    },
                    TrackEvent {
                        delta_time: 0x0,
                        event: ChannelVoice {
                            channel: Ch12,
                            msg: ControlChange {
                                control: CC {
                                    control: 0xA,
                                    value: 0x5C,
                                },
                            },
                        },
                        beat_or_frame: 0.0,
                    },
                    TrackEvent {
                        delta_time: 0x0,
                        event: ChannelVoice {
                            channel: Ch5,
                            msg: ControlChange {
                                control: CC {
                                    control: 0xA,
                                    value: 0x40,
                                },
                            },
                        },
                        beat_or_frame: 0.0,
                    },
                    TrackEvent {
                        delta_time: 0x0,
                        event: ChannelVoice {
                            channel: Ch14,
                            msg: ControlChange {
                                control: CC {
                                    control: 0xA,
                                    value: 0x60,
                                },
                            },
                        },
                        beat_or_frame: 0.0,
                    },
                    TrackEvent {
                        delta_time: 0x0,
                        event: ChannelVoice {
                            channel: Ch16,
                            msg: ControlChange {
                                control: CC {
                                    control: 0xA,
                                    value: 0x46,
                                },
                            },
                        },
                        beat_or_frame: 0.0,
                    },
                    TrackEvent {
                        delta_time: 0x0,
                        event: ChannelVoice {
                            channel: Ch4,
                            msg: ControlChange {
                                control: CC {
                                    control: 0xA,
                                    value: 0x7F,
                                },
                            },
                        },
                        beat_or_frame: 0.0,
                    },
                ],
            ),
        ],
    },
    offset: 0x8A,
    parsing: "track 0 event 33",
    remaining_bytes: 0x19E70,
    next_bytes: [
        0x0,
        0xB0,
        0x5B,
        0x80,
        0x0,
        0x5B,
        0x80,
        0x0,
        0xB2,
        0x5B,
        0x80,
        0x0,
        0x5B,
        0x80,
        0x0,
        0xB3,
        0x5B,
        0x80,
        0x0,
        0x5B,
    ],
}